<?xml version="1.0" encoding="UTF-8"?>
<coverage generated="1739995459152" clover="3.2.0">
  <project timestamp="1739995459152" name="All files">
    <metrics statements="29" coveredstatements="26" conditionals="6" coveredconditionals="5" methods="12" coveredmethods="11" elements="47" coveredelements="42" complexity="0" loc="29" ncloc="29" packages="2" files="6" classes="6"/>
    <package name="src">
      <metrics statements="9" coveredstatements="9" conditionals="0" coveredconditionals="0" methods="4" coveredmethods="4"/>
      <file name="App.jsx" path="/Users/brandonlopez/Documents/Personal/Career Foundry/meet/src/App.jsx">
        <metrics statements="2" coveredstatements="2" conditionals="0" coveredconditionals="0" methods="1" coveredmethods="1"/>
        <line num="6" count="1" type="stmt"/>
        <line num="7" count="3" type="stmt"/>
      </file>
      <file name="api.js" path="/Users/brandonlopez/Documents/Personal/Career Foundry/meet/src/api.js">
        <metrics statements="6" coveredstatements="6" conditionals="0" coveredconditionals="0" methods="3" coveredmethods="3"/>
        <line num="12" count="2" type="stmt"/>
        <line num="13" count="2" type="stmt"/>
        <line num="14" count="2" type="stmt"/>
        <line num="15" count="2" type="stmt"/>
        <line num="23" count="2" type="stmt"/>
        <line num="24" count="3" type="stmt"/>
      </file>
      <file name="mock-data.js" path="/Users/brandonlopez/Documents/Personal/Career Foundry/meet/src/mock-data.js">
        <metrics statements="1" coveredstatements="1" conditionals="0" coveredconditionals="0" methods="0" coveredmethods="0"/>
        <line num="1" count="2" type="stmt"/>
      </file>
    </package>
    <package name="src.components">
      <metrics statements="20" coveredstatements="17" conditionals="6" coveredconditionals="5" methods="8" coveredmethods="7"/>
      <file name="CitySearch.jsx" path="/Users/brandonlopez/Documents/Personal/Career Foundry/meet/src/components/CitySearch.jsx">
        <metrics statements="14" coveredstatements="11" conditionals="4" coveredconditionals="3" methods="5" coveredmethods="4"/>
        <line num="9" count="2" type="stmt"/>
        <line num="10" count="12" type="stmt"/>
        <line num="11" count="12" type="stmt"/>
        <line num="12" count="12" type="cond" truecount="1" falsecount="1"/>
        <line num="13" count="12" type="stmt"/>
        <line num="17" count="0" type="stmt"/>
        <line num="18" count="0" type="stmt"/>
        <line num="20" count="12" type="stmt"/>
        <line num="21" count="12" type="stmt"/>
        <line num="22" count="12" type="stmt"/>
        <line num="23" count="12" type="stmt"/>
        <line num="30" count="3" type="stmt"/>
        <line num="36" count="0" type="stmt"/>
        <line num="51" count="2" type="stmt"/>
      </file>
      <file name="Event.jsx" path="/Users/brandonlopez/Documents/Personal/Career Foundry/meet/src/components/Event.jsx">
        <metrics statements="2" coveredstatements="2" conditionals="0" coveredconditionals="0" methods="1" coveredmethods="1"/>
        <line num="6" count="2" type="stmt"/>
        <line num="7" count="6" type="stmt"/>
      </file>
      <file name="EventList.jsx" path="/Users/brandonlopez/Documents/Personal/Career Foundry/meet/src/components/EventList.jsx">
        <metrics statements="4" coveredstatements="4" conditionals="2" coveredconditionals="2" methods="2" coveredmethods="2"/>
        <line num="8" count="2" type="stmt"/>
        <line num="9" count="7" type="stmt"/>
        <line num="11" count="5" type="cond" truecount="2" falsecount="0"/>
        <line num="16" count="2" type="stmt"/>
      </file>
    </package>
  </project>
</coverage>
