<?xml version="1.0" encoding="UTF-8"?>
<coverage generated="1740081571146" clover="3.2.0">
  <project timestamp="1740081571146" name="All files">
    <metrics statements="54" coveredstatements="54" conditionals="22" coveredconditionals="21" methods="20" coveredmethods="20" elements="96" coveredelements="95" complexity="0" loc="54" ncloc="54" packages="2" files="7" classes="7"/>
    <package name="src">
      <metrics statements="21" coveredstatements="21" conditionals="2" coveredconditionals="2" methods="7" coveredmethods="7"/>
      <file name="App.jsx" path="/Users/brandonlopez/Documents/Personal/Career Foundry/meet/src/App.jsx">
        <metrics statements="14" coveredstatements="14" conditionals="2" coveredconditionals="2" methods="4" coveredmethods="4"/>
        <line num="13" count="3" type="stmt"/>
        <line num="14" count="11" type="stmt"/>
        <line num="15" count="10" type="stmt"/>
        <line num="16" count="10" type="stmt"/>
        <line num="17" count="10" type="stmt"/>
        <line num="20" count="10" type="stmt"/>
        <line num="21" count="6" type="stmt"/>
        <line num="25" count="10" type="stmt"/>
        <line num="26" count="6" type="stmt"/>
        <line num="27" count="6" type="cond" truecount="2" falsecount="0"/>
        <line num="29" count="33" type="stmt"/>
        <line num="30" count="6" type="stmt"/>
        <line num="31" count="6" type="stmt"/>
        <line num="35" count="10" type="stmt"/>
      </file>
      <file name="api.js" path="/Users/brandonlopez/Documents/Personal/Career Foundry/meet/src/api.js">
        <metrics statements="6" coveredstatements="6" conditionals="0" coveredconditionals="0" methods="3" coveredmethods="3"/>
        <line num="12" count="4" type="stmt"/>
        <line num="13" count="297" type="stmt"/>
        <line num="14" count="9" type="stmt"/>
        <line num="15" count="9" type="stmt"/>
        <line num="23" count="4" type="stmt"/>
        <line num="24" count="17" type="stmt"/>
      </file>
      <file name="mock-data.js" path="/Users/brandonlopez/Documents/Personal/Career Foundry/meet/src/mock-data.js">
        <metrics statements="1" coveredstatements="1" conditionals="0" coveredconditionals="0" methods="0" coveredmethods="0"/>
        <line num="1" count="4" type="stmt"/>
      </file>
    </package>
    <package name="src.components">
      <metrics statements="33" coveredstatements="33" conditionals="20" coveredconditionals="19" methods="13" coveredmethods="13"/>
      <file name="CitySearch.jsx" path="/Users/brandonlopez/Documents/Personal/Career Foundry/meet/src/components/CitySearch.jsx">
        <metrics statements="20" coveredstatements="20" conditionals="4" coveredconditionals="3" methods="7" coveredmethods="7"/>
        <line num="4" count="3" type="stmt"/>
        <line num="5" count="56" type="stmt"/>
        <line num="6" count="56" type="stmt"/>
        <line num="7" count="56" type="stmt"/>
        <line num="9" count="56" type="stmt"/>
        <line num="10" count="18" type="stmt"/>
        <line num="11" count="18" type="cond" truecount="1" falsecount="1"/>
        <line num="12" count="36" type="stmt"/>
        <line num="14" count="18" type="stmt"/>
        <line num="15" count="18" type="stmt"/>
        <line num="18" count="56" type="stmt"/>
        <line num="19" count="2" type="stmt"/>
        <line num="20" count="2" type="stmt"/>
        <line num="21" count="2" type="stmt"/>
        <line num="22" count="2" type="stmt"/>
        <line num="25" count="56" type="stmt"/>
        <line num="26" count="15" type="stmt"/>
        <line num="29" count="56" type="stmt"/>
        <line num="36" count="5" type="stmt"/>
        <line num="42" count="26" type="stmt"/>
      </file>
      <file name="Event.jsx" path="/Users/brandonlopez/Documents/Personal/Career Foundry/meet/src/components/Event.jsx">
        <metrics statements="4" coveredstatements="4" conditionals="14" coveredconditionals="14" methods="2" coveredmethods="2"/>
        <line num="5" count="4" type="stmt"/>
        <line num="6" count="186" type="stmt"/>
        <line num="7" count="186" type="stmt"/>
        <line num="17" count="3" type="cond" truecount="2" falsecount="0"/>
      </file>
      <file name="EventList.jsx" path="/Users/brandonlopez/Documents/Personal/Career Foundry/meet/src/components/EventList.jsx">
        <metrics statements="3" coveredstatements="3" conditionals="2" coveredconditionals="2" methods="2" coveredmethods="2"/>
        <line num="7" count="3" type="stmt"/>
        <line num="8" count="13" type="stmt"/>
        <line num="10" count="177" type="cond" truecount="2" falsecount="0"/>
      </file>
      <file name="NumberOfEvents.jsx" path="/Users/brandonlopez/Documents/Personal/Career Foundry/meet/src/components/NumberOfEvents.jsx">
        <metrics statements="6" coveredstatements="6" conditionals="0" coveredconditionals="0" methods="2" coveredmethods="2"/>
        <line num="3" count="4" type="stmt"/>
        <line num="5" count="16" type="stmt"/>
        <line num="7" count="16" type="stmt"/>
        <line num="8" count="3" type="stmt"/>
        <line num="9" count="3" type="stmt"/>
        <line num="12" count="16" type="stmt"/>
      </file>
    </package>
  </project>
</coverage>
