{"/Users/brandonlopez/Documents/Personal/Career Foundry/meet/src/App.jsx": {"path":"/Users/brandonlopez/Documents/Personal/Career Foundry/meet/src/App.jsx","statementMap":{"0":{"start":{"line":6,"column":12},"end":{"line":15,"column":1}},"1":{"start":{"line":7,"column":2},"end":{"line":14,"column":4}}},"fnMap":{"0":{"name":"(anonymous_0)","decl":{"start":{"line":6,"column":12},"end":{"line":6,"column":13}},"loc":{"start":{"line":6,"column":17},"end":{"line":15,"column":1}},"line":6}},"branchMap":{},"s":{"0":1,"1":3},"f":{"0":3},"b":{},"_coverageSchema":"1a1c01bbd47fc00a2c39e90264f33305004495a9","hash":"a0e1e79b1b4a9b1eb93e2ee486e7afe5cbae954a"}
,"/Users/brandonlopez/Documents/Personal/Career Foundry/meet/src/api.js": {"path":"/Users/brandonlopez/Documents/Personal/Career Foundry/meet/src/api.js","statementMap":{"0":{"start":{"line":12,"column":32},"end":{"line":16,"column":1}},"1":{"start":{"line":13,"column":29},"end":{"line":13,"column":66}},"2":{"start":{"line":13,"column":51},"end":{"line":13,"column":65}},"3":{"start":{"line":14,"column":20},"end":{"line":14,"column":52}},"4":{"start":{"line":15,"column":2},"end":{"line":15,"column":19}},"5":{"start":{"line":23,"column":25},"end":{"line":25,"column":1}},"6":{"start":{"line":24,"column":2},"end":{"line":24,"column":18}}},"fnMap":{"0":{"name":"(anonymous_0)","decl":{"start":{"line":12,"column":32},"end":{"line":12,"column":33}},"loc":{"start":{"line":12,"column":44},"end":{"line":16,"column":1}},"line":12},"1":{"name":"(anonymous_1)","decl":{"start":{"line":13,"column":40},"end":{"line":13,"column":41}},"loc":{"start":{"line":13,"column":51},"end":{"line":13,"column":65}},"line":13},"2":{"name":"(anonymous_2)","decl":{"start":{"line":23,"column":25},"end":{"line":23,"column":26}},"loc":{"start":{"line":23,"column":37},"end":{"line":25,"column":1}},"line":23}},"branchMap":{},"s":{"0":2,"1":2,"2":2,"3":2,"4":2,"5":2,"6":3},"f":{"0":2,"1":2,"2":3},"b":{},"_coverageSchema":"1a1c01bbd47fc00a2c39e90264f33305004495a9","hash":"0b5a7a6468d699a634dfb446c78ae8d649431d24"}
,"/Users/brandonlopez/Documents/Personal/Career Foundry/meet/src/mock-data.js": {"path":"/Users/brandonlopez/Documents/Personal/Career Foundry/meet/src/mock-data.js","statementMap":{"0":{"start":{"line":1,"column":17},"end":{"line":5328,"column":1}}},"fnMap":{},"branchMap":{},"s":{"0":2},"f":{},"b":{},"_coverageSchema":"1a1c01bbd47fc00a2c39e90264f33305004495a9","hash":"21ff8c54389d48bf83d6bb7c4516085b9d0803c2"}
,"/Users/brandonlopez/Documents/Personal/Career Foundry/meet/src/components/CitySearch.jsx": {"path":"/Users/brandonlopez/Documents/Personal/Career Foundry/meet/src/components/CitySearch.jsx","statementMap":{"0":{"start":{"line":9,"column":19},"end":{"line":47,"column":3}},"1":{"start":{"line":10,"column":31},"end":{"line":19,"column":7}},"2":{"start":{"line":11,"column":22},"end":{"line":11,"column":40}},"3":{"start":{"line":12,"column":34},"end":{"line":14,"column":15}},"4":{"start":{"line":13,"column":10},"end":{"line":13,"column":74}},"5":{"start":{"line":17,"column":8},"end":{"line":17,"column":24}},"6":{"start":{"line":18,"column":8},"end":{"line":18,"column":42}},"7":{"start":{"line":20,"column":50},"end":{"line":20,"column":65}},"8":{"start":{"line":21,"column":30},"end":{"line":21,"column":42}},"9":{"start":{"line":22,"column":42},"end":{"line":22,"column":54}},"10":{"start":{"line":23,"column":4},"end":{"line":45,"column":5}},"11":{"start":{"line":30,"column":25},"end":{"line":30,"column":49}},"12":{"start":{"line":36,"column":12},"end":{"line":36,"column":57}},"13":{"start":{"line":51,"column":2},"end":{"line":53,"column":4}}},"fnMap":{"0":{"name":"(anonymous_0)","decl":{"start":{"line":9,"column":19},"end":{"line":9,"column":20}},"loc":{"start":{"line":9,"column":41},"end":{"line":47,"column":3}},"line":9},"1":{"name":"(anonymous_1)","decl":{"start":{"line":10,"column":31},"end":{"line":10,"column":32}},"loc":{"start":{"line":10,"column":42},"end":{"line":19,"column":7}},"line":10},"2":{"name":"(anonymous_2)","decl":{"start":{"line":12,"column":69},"end":{"line":12,"column":70}},"loc":{"start":{"line":12,"column":83},"end":{"line":14,"column":9}},"line":12},"3":{"name":"(anonymous_3)","decl":{"start":{"line":30,"column":19},"end":{"line":30,"column":20}},"loc":{"start":{"line":30,"column":25},"end":{"line":30,"column":49}},"line":30},"4":{"name":"(anonymous_4)","decl":{"start":{"line":35,"column":27},"end":{"line":35,"column":28}},"loc":{"start":{"line":35,"column":43},"end":{"line":37,"column":11}},"line":35}},"branchMap":{"0":{"loc":{"start":{"line":12,"column":34},"end":{"line":14,"column":15}},"type":"cond-expr","locations":[{"start":{"line":12,"column":49},"end":{"line":14,"column":10}},{"start":{"line":14,"column":13},"end":{"line":14,"column":15}}],"line":12},"1":{"loc":{"start":{"line":33,"column":15},"end":{"line":42,"column":14}},"type":"cond-expr","locations":[{"start":{"line":34,"column":8},"end":{"line":41,"column":13}},{"start":{"line":42,"column":10},"end":{"line":42,"column":14}}],"line":33}},"s":{"0":2,"1":12,"2":12,"3":12,"4":12,"5":0,"6":0,"7":12,"8":12,"9":12,"10":12,"11":3,"12":0,"13":2},"f":{"0":12,"1":12,"2":12,"3":3,"4":0},"b":{"0":[12,0],"1":[3,9]},"_coverageSchema":"1a1c01bbd47fc00a2c39e90264f33305004495a9","hash":"44e751333aab3aa29f5ab70fe82fea8fd2abcdb3"}
,"/Users/brandonlopez/Documents/Personal/Career Foundry/meet/src/components/Event.jsx": {"path":"/Users/brandonlopez/Documents/Personal/Career Foundry/meet/src/components/Event.jsx","statementMap":{"0":{"start":{"line":6,"column":14},"end":{"line":10,"column":1}},"1":{"start":{"line":7,"column":2},"end":{"line":9,"column":4}}},"fnMap":{"0":{"name":"(anonymous_0)","decl":{"start":{"line":6,"column":14},"end":{"line":6,"column":15}},"loc":{"start":{"line":6,"column":20},"end":{"line":10,"column":1}},"line":6}},"branchMap":{},"s":{"0":2,"1":6},"f":{"0":6},"b":{},"_coverageSchema":"1a1c01bbd47fc00a2c39e90264f33305004495a9","hash":"fa04482852de1a8871b142599e441af708379677"}
,"/Users/brandonlopez/Documents/Personal/Career Foundry/meet/src/components/EventList.jsx": {"path":"/Users/brandonlopez/Documents/Personal/Career Foundry/meet/src/components/EventList.jsx","statementMap":{"0":{"start":{"line":8,"column":18},"end":{"line":14,"column":1}},"1":{"start":{"line":9,"column":1},"end":{"line":13,"column":3}},"2":{"start":{"line":11,"column":34},"end":{"line":11,"column":72}},"3":{"start":{"line":16,"column":0},"end":{"line":18,"column":2}}},"fnMap":{"0":{"name":"(anonymous_0)","decl":{"start":{"line":8,"column":18},"end":{"line":8,"column":19}},"loc":{"start":{"line":8,"column":34},"end":{"line":14,"column":1}},"line":8},"1":{"name":"(anonymous_1)","decl":{"start":{"line":11,"column":25},"end":{"line":11,"column":26}},"loc":{"start":{"line":11,"column":34},"end":{"line":11,"column":72}},"line":11}},"branchMap":{"0":{"loc":{"start":{"line":11,"column":6},"end":{"line":11,"column":79}},"type":"cond-expr","locations":[{"start":{"line":11,"column":14},"end":{"line":11,"column":73}},{"start":{"line":11,"column":75},"end":{"line":11,"column":79}}],"line":11}},"s":{"0":2,"1":7,"2":5,"3":2},"f":{"0":7,"1":5},"b":{"0":[2,5]},"_coverageSchema":"1a1c01bbd47fc00a2c39e90264f33305004495a9","hash":"dd29db874e39f14739cb9cd571daa65ba1654f36"}
}
