{"/Users/brandonlopez/Documents/Personal/Career Foundry/meet/src/App.jsx": {"path":"/Users/brandonlopez/Documents/Personal/Career Foundry/meet/src/App.jsx","statementMap":{"0":{"start":{"line":13,"column":12},"end":{"line":42,"column":1}},"1":{"start":{"line":14,"column":42},"end":{"line":14,"column":54}},"2":{"start":{"line":15,"column":38},"end":{"line":15,"column":50}},"3":{"start":{"line":16,"column":30},"end":{"line":16,"column":42}},"4":{"start":{"line":17,"column":40},"end":{"line":17,"column":66}},"5":{"start":{"line":20,"column":1},"end":{"line":22,"column":19}},"6":{"start":{"line":21,"column":3},"end":{"line":21,"column":15}},"7":{"start":{"line":25,"column":19},"end":{"line":32,"column":1}},"8":{"start":{"line":26,"column":20},"end":{"line":26,"column":37}},"9":{"start":{"line":27,"column":25},"end":{"line":29,"column":61}},"10":{"start":{"line":29,"column":30},"end":{"line":29,"column":60}},"11":{"start":{"line":30,"column":2},"end":{"line":30,"column":49}},"12":{"start":{"line":31,"column":2},"end":{"line":31,"column":47}},"13":{"start":{"line":35,"column":0},"end":{"line":41,"column":2}}},"fnMap":{"0":{"name":"(anonymous_0)","decl":{"start":{"line":13,"column":12},"end":{"line":13,"column":13}},"loc":{"start":{"line":13,"column":18},"end":{"line":42,"column":1}},"line":13},"1":{"name":"(anonymous_1)","decl":{"start":{"line":20,"column":11},"end":{"line":20,"column":12}},"loc":{"start":{"line":20,"column":17},"end":{"line":22,"column":2}},"line":20},"2":{"name":"(anonymous_2)","decl":{"start":{"line":25,"column":19},"end":{"line":25,"column":20}},"loc":{"start":{"line":25,"column":31},"end":{"line":32,"column":1}},"line":25},"3":{"name":"(anonymous_3)","decl":{"start":{"line":29,"column":21},"end":{"line":29,"column":22}},"loc":{"start":{"line":29,"column":30},"end":{"line":29,"column":60}},"line":29}},"branchMap":{"0":{"loc":{"start":{"line":27,"column":25},"end":{"line":29,"column":61}},"type":"cond-expr","locations":[{"start":{"line":28,"column":4},"end":{"line":28,"column":13}},{"start":{"line":29,"column":4},"end":{"line":29,"column":61}}],"line":27}},"s":{"0":3,"1":11,"2":10,"3":10,"4":10,"5":10,"6":6,"7":10,"8":6,"9":6,"10":33,"11":6,"12":6,"13":10},"f":{"0":11,"1":6,"2":6,"3":33},"b":{"0":[5,1]},"_coverageSchema":"1a1c01bbd47fc00a2c39e90264f33305004495a9","hash":"2f5e45448607783fde3a225efc6ed6a86cf7fe8c"}
,"/Users/brandonlopez/Documents/Personal/Career Foundry/meet/src/api.js": {"path":"/Users/brandonlopez/Documents/Personal/Career Foundry/meet/src/api.js","statementMap":{"0":{"start":{"line":12,"column":32},"end":{"line":16,"column":1}},"1":{"start":{"line":13,"column":29},"end":{"line":13,"column":66}},"2":{"start":{"line":13,"column":51},"end":{"line":13,"column":65}},"3":{"start":{"line":14,"column":20},"end":{"line":14,"column":52}},"4":{"start":{"line":15,"column":2},"end":{"line":15,"column":19}},"5":{"start":{"line":23,"column":25},"end":{"line":25,"column":1}},"6":{"start":{"line":24,"column":2},"end":{"line":24,"column":18}}},"fnMap":{"0":{"name":"(anonymous_0)","decl":{"start":{"line":12,"column":32},"end":{"line":12,"column":33}},"loc":{"start":{"line":12,"column":44},"end":{"line":16,"column":1}},"line":12},"1":{"name":"(anonymous_1)","decl":{"start":{"line":13,"column":40},"end":{"line":13,"column":41}},"loc":{"start":{"line":13,"column":51},"end":{"line":13,"column":65}},"line":13},"2":{"name":"(anonymous_2)","decl":{"start":{"line":23,"column":25},"end":{"line":23,"column":26}},"loc":{"start":{"line":23,"column":37},"end":{"line":25,"column":1}},"line":23}},"branchMap":{},"s":{"0":4,"1":9,"2":297,"3":9,"4":9,"5":4,"6":17},"f":{"0":9,"1":297,"2":17},"b":{},"_coverageSchema":"1a1c01bbd47fc00a2c39e90264f33305004495a9","hash":"0b5a7a6468d699a634dfb446c78ae8d649431d24"}
,"/Users/brandonlopez/Documents/Personal/Career Foundry/meet/src/mock-data.js": {"path":"/Users/brandonlopez/Documents/Personal/Career Foundry/meet/src/mock-data.js","statementMap":{"0":{"start":{"line":1,"column":17},"end":{"line":1288,"column":1}}},"fnMap":{},"branchMap":{},"s":{"0":4},"f":{},"b":{},"_coverageSchema":"1a1c01bbd47fc00a2c39e90264f33305004495a9","hash":"1c8efbd66b1923abb8420202d0e139cc96ac1ba4"}
,"/Users/brandonlopez/Documents/Personal/Career Foundry/meet/src/components/CitySearch.jsx": {"path":"/Users/brandonlopez/Documents/Personal/Career Foundry/meet/src/components/CitySearch.jsx","statementMap":{"0":{"start":{"line":4,"column":19},"end":{"line":52,"column":4}},"1":{"start":{"line":5,"column":50},"end":{"line":5,"column":65}},"2":{"start":{"line":6,"column":30},"end":{"line":6,"column":42}},"3":{"start":{"line":7,"column":42},"end":{"line":7,"column":54}},"4":{"start":{"line":9,"column":31},"end":{"line":16,"column":7}},"5":{"start":{"line":10,"column":22},"end":{"line":10,"column":40}},"6":{"start":{"line":11,"column":34},"end":{"line":13,"column":15}},"7":{"start":{"line":12,"column":10},"end":{"line":12,"column":74}},"8":{"start":{"line":14,"column":8},"end":{"line":14,"column":24}},"9":{"start":{"line":15,"column":8},"end":{"line":15,"column":42}},"10":{"start":{"line":18,"column":32},"end":{"line":23,"column":7}},"11":{"start":{"line":19,"column":22},"end":{"line":19,"column":46}},"12":{"start":{"line":20,"column":8},"end":{"line":20,"column":24}},"13":{"start":{"line":21,"column":8},"end":{"line":21,"column":34}},"14":{"start":{"line":22,"column":8},"end":{"line":22,"column":30}},"15":{"start":{"line":25,"column":6},"end":{"line":27,"column":30}},"16":{"start":{"line":26,"column":8},"end":{"line":26,"column":37}},"17":{"start":{"line":29,"column":6},"end":{"line":51,"column":6}},"18":{"start":{"line":36,"column":27},"end":{"line":36,"column":51}},"19":{"start":{"line":42,"column":16},"end":{"line":42,"column":89}}},"fnMap":{"0":{"name":"(anonymous_0)","decl":{"start":{"line":4,"column":19},"end":{"line":4,"column":20}},"loc":{"start":{"line":4,"column":57},"end":{"line":52,"column":4}},"line":4},"1":{"name":"(anonymous_1)","decl":{"start":{"line":9,"column":31},"end":{"line":9,"column":32}},"loc":{"start":{"line":9,"column":42},"end":{"line":16,"column":7}},"line":9},"2":{"name":"(anonymous_2)","decl":{"start":{"line":11,"column":69},"end":{"line":11,"column":70}},"loc":{"start":{"line":11,"column":83},"end":{"line":13,"column":9}},"line":11},"3":{"name":"(anonymous_3)","decl":{"start":{"line":18,"column":32},"end":{"line":18,"column":33}},"loc":{"start":{"line":18,"column":43},"end":{"line":23,"column":7}},"line":18},"4":{"name":"(anonymous_4)","decl":{"start":{"line":25,"column":16},"end":{"line":25,"column":17}},"loc":{"start":{"line":25,"column":22},"end":{"line":27,"column":7}},"line":25},"5":{"name":"(anonymous_5)","decl":{"start":{"line":36,"column":21},"end":{"line":36,"column":22}},"loc":{"start":{"line":36,"column":27},"end":{"line":36,"column":51}},"line":36},"6":{"name":"(anonymous_6)","decl":{"start":{"line":41,"column":31},"end":{"line":41,"column":32}},"loc":{"start":{"line":41,"column":47},"end":{"line":43,"column":15}},"line":41}},"branchMap":{"0":{"loc":{"start":{"line":11,"column":34},"end":{"line":13,"column":15}},"type":"cond-expr","locations":[{"start":{"line":11,"column":49},"end":{"line":13,"column":10}},{"start":{"line":13,"column":13},"end":{"line":13,"column":15}}],"line":11},"1":{"loc":{"start":{"line":39,"column":11},"end":{"line":48,"column":18}},"type":"cond-expr","locations":[{"start":{"line":40,"column":12},"end":{"line":47,"column":17}},{"start":{"line":48,"column":14},"end":{"line":48,"column":18}}],"line":39}},"s":{"0":3,"1":56,"2":56,"3":56,"4":56,"5":18,"6":18,"7":36,"8":18,"9":18,"10":56,"11":2,"12":2,"13":2,"14":2,"15":56,"16":15,"17":56,"18":5,"19":26},"f":{"0":56,"1":18,"2":36,"3":2,"4":15,"5":5,"6":26},"b":{"0":[18,0],"1":[24,32]},"_coverageSchema":"1a1c01bbd47fc00a2c39e90264f33305004495a9","hash":"6509522e84dc6b2475fc77e046f06bd362063856"}
,"/Users/brandonlopez/Documents/Personal/Career Foundry/meet/src/components/Event.jsx": {"path":"/Users/brandonlopez/Documents/Personal/Career Foundry/meet/src/components/Event.jsx","statementMap":{"0":{"start":{"line":5,"column":14},"end":{"line":21,"column":1}},"1":{"start":{"line":6,"column":40},"end":{"line":6,"column":55}},"2":{"start":{"line":7,"column":2},"end":{"line":20,"column":3}},"3":{"start":{"line":17,"column":8},"end":{"line":17,"column":66}}},"fnMap":{"0":{"name":"(anonymous_0)","decl":{"start":{"line":5,"column":14},"end":{"line":5,"column":15}},"loc":{"start":{"line":5,"column":29},"end":{"line":21,"column":1}},"line":5},"1":{"name":"(anonymous_1)","decl":{"start":{"line":16,"column":47},"end":{"line":16,"column":48}},"loc":{"start":{"line":16,"column":53},"end":{"line":18,"column":7}},"line":16}},"branchMap":{"0":{"loc":{"start":{"line":9,"column":11},"end":{"line":9,"column":33}},"type":"binary-expr","locations":[{"start":{"line":9,"column":11},"end":{"line":9,"column":16}},{"start":{"line":9,"column":20},"end":{"line":9,"column":33}}],"line":9},"1":{"loc":{"start":{"line":10,"column":10},"end":{"line":10,"column":33}},"type":"binary-expr","locations":[{"start":{"line":10,"column":10},"end":{"line":10,"column":15}},{"start":{"line":10,"column":19},"end":{"line":10,"column":33}}],"line":10},"2":{"loc":{"start":{"line":11,"column":10},"end":{"line":11,"column":58}},"type":"binary-expr","locations":[{"start":{"line":11,"column":10},"end":{"line":11,"column":15}},{"start":{"line":11,"column":19},"end":{"line":11,"column":58}}],"line":11},"3":{"loc":{"start":{"line":12,"column":7},"end":{"line":14,"column":12}},"type":"cond-expr","locations":[{"start":{"line":13,"column":8},"end":{"line":13,"column":63}},{"start":{"line":14,"column":8},"end":{"line":14,"column":12}}],"line":12},"4":{"loc":{"start":{"line":13,"column":32},"end":{"line":13,"column":58}},"type":"binary-expr","locations":[{"start":{"line":13,"column":32},"end":{"line":13,"column":37}},{"start":{"line":13,"column":41},"end":{"line":13,"column":58}}],"line":13},"5":{"loc":{"start":{"line":17,"column":8},"end":{"line":17,"column":66}},"type":"cond-expr","locations":[{"start":{"line":17,"column":22},"end":{"line":17,"column":43}},{"start":{"line":17,"column":46},"end":{"line":17,"column":66}}],"line":17},"6":{"loc":{"start":{"line":18,"column":10},"end":{"line":18,"column":55}},"type":"cond-expr","locations":[{"start":{"line":18,"column":24},"end":{"line":18,"column":38}},{"start":{"line":18,"column":41},"end":{"line":18,"column":55}}],"line":18}},"s":{"0":4,"1":186,"2":186,"3":3},"f":{"0":186,"1":3},"b":{"0":[186,186],"1":[186,186],"2":[186,186],"3":[2,184],"4":[2,2],"5":[1,2],"6":[2,184]},"_coverageSchema":"1a1c01bbd47fc00a2c39e90264f33305004495a9","hash":"36faa9fd3eb89d7be01d49f2e5dfd1bbdbc5c67e"}
,"/Users/brandonlopez/Documents/Personal/Career Foundry/meet/src/components/EventList.jsx": {"path":"/Users/brandonlopez/Documents/Personal/Career Foundry/meet/src/components/EventList.jsx","statementMap":{"0":{"start":{"line":7,"column":18},"end":{"line":13,"column":2}},"1":{"start":{"line":8,"column":2},"end":{"line":12,"column":4}},"2":{"start":{"line":10,"column":35},"end":{"line":10,"column":73}}},"fnMap":{"0":{"name":"(anonymous_0)","decl":{"start":{"line":7,"column":18},"end":{"line":7,"column":19}},"loc":{"start":{"line":7,"column":34},"end":{"line":13,"column":2}},"line":7},"1":{"name":"(anonymous_1)","decl":{"start":{"line":10,"column":26},"end":{"line":10,"column":27}},"loc":{"start":{"line":10,"column":35},"end":{"line":10,"column":73}},"line":10}},"branchMap":{"0":{"loc":{"start":{"line":10,"column":7},"end":{"line":10,"column":80}},"type":"cond-expr","locations":[{"start":{"line":10,"column":15},"end":{"line":10,"column":74}},{"start":{"line":10,"column":76},"end":{"line":10,"column":80}}],"line":10}},"s":{"0":3,"1":13,"2":177},"f":{"0":13,"1":177},"b":{"0":[11,2]},"_coverageSchema":"1a1c01bbd47fc00a2c39e90264f33305004495a9","hash":"9a6205632691712c6029c27c796bd245d1d51930"}
,"/Users/brandonlopez/Documents/Personal/Career Foundry/meet/src/components/NumberOfEvents.jsx": {"path":"/Users/brandonlopez/Documents/Personal/Career Foundry/meet/src/components/NumberOfEvents.jsx","statementMap":{"0":{"start":{"line":3,"column":23},"end":{"line":24,"column":1}},"1":{"start":{"line":5,"column":30},"end":{"line":5,"column":42}},"2":{"start":{"line":7,"column":29},"end":{"line":10,"column":3}},"3":{"start":{"line":8,"column":18},"end":{"line":8,"column":36}},"4":{"start":{"line":9,"column":4},"end":{"line":9,"column":21}},"5":{"start":{"line":12,"column":2},"end":{"line":23,"column":4}}},"fnMap":{"0":{"name":"(anonymous_0)","decl":{"start":{"line":3,"column":23},"end":{"line":3,"column":24}},"loc":{"start":{"line":3,"column":32},"end":{"line":24,"column":1}},"line":3},"1":{"name":"(anonymous_1)","decl":{"start":{"line":7,"column":29},"end":{"line":7,"column":30}},"loc":{"start":{"line":7,"column":40},"end":{"line":10,"column":3}},"line":7}},"branchMap":{},"s":{"0":4,"1":16,"2":16,"3":3,"4":3,"5":16},"f":{"0":16,"1":3},"b":{},"_coverageSchema":"1a1c01bbd47fc00a2c39e90264f33305004495a9","hash":"a51aaee0dba01ca18b6df4a53cbe177319c5ee92"}
}
