TN:
SF:src/App.jsx
FN:6,(anonymous_0)
FNF:1
FNH:1
FNDA:3,(anonymous_0)
DA:6,1
DA:7,3
LF:2
LH:2
BRF:0
BRH:0
end_of_record
TN:
SF:src/api.js
FN:12,(anonymous_0)
FN:13,(anonymous_1)
FN:23,(anonymous_2)
FNF:3
FNH:3
FNDA:2,(anonymous_0)
FNDA:2,(anonymous_1)
FNDA:3,(anonymous_2)
DA:12,2
DA:13,2
DA:14,2
DA:15,2
DA:23,2
DA:24,3
LF:6
LH:6
BRF:0
BRH:0
end_of_record
TN:
SF:src/mock-data.js
FNF:0
FNH:0
DA:1,2
LF:1
LH:1
BRF:0
BRH:0
end_of_record
TN:
SF:src/components/CitySearch.jsx
FN:9,(anonymous_0)
FN:10,(anonymous_1)
FN:12,(anonymous_2)
FN:30,(anonymous_3)
FN:35,(anonymous_4)
FNF:5
FNH:4
FNDA:12,(anonymous_0)
FNDA:12,(anonymous_1)
FNDA:12,(anonymous_2)
FNDA:3,(anonymous_3)
FNDA:0,(anonymous_4)
DA:9,2
DA:10,12
DA:11,12
DA:12,12
DA:13,12
DA:17,0
DA:18,0
DA:20,12
DA:21,12
DA:22,12
DA:23,12
DA:30,3
DA:36,0
DA:51,2
LF:14
LH:11
BRDA:12,0,0,12
BRDA:12,0,1,0
BRDA:33,1,0,3
BRDA:33,1,1,9
BRF:4
BRH:3
end_of_record
TN:
SF:src/components/Event.jsx
FN:6,(anonymous_0)
FNF:1
FNH:1
FNDA:6,(anonymous_0)
DA:6,2
DA:7,6
LF:2
LH:2
BRF:0
BRH:0
end_of_record
TN:
SF:src/components/EventList.jsx
FN:8,(anonymous_0)
FN:11,(anonymous_1)
FNF:2
FNH:2
FNDA:7,(anonymous_0)
FNDA:5,(anonymous_1)
DA:8,2
DA:9,7
DA:11,5
DA:16,2
LF:4
LH:4
BRDA:11,0,0,2
BRDA:11,0,1,5
BRF:2
BRH:2
end_of_record
