TN:
SF:src/App.jsx
FN:13,(anonymous_0)
FN:20,(anonymous_1)
FN:25,(anonymous_2)
FN:29,(anonymous_3)
FNF:4
FNH:4
FNDA:11,(anonymous_0)
FNDA:6,(anonymous_1)
FNDA:6,(anonymous_2)
FNDA:33,(anonymous_3)
DA:13,3
DA:14,11
DA:15,10
DA:16,10
DA:17,10
DA:20,10
DA:21,6
DA:25,10
DA:26,6
DA:27,6
DA:29,33
DA:30,6
DA:31,6
DA:35,10
LF:14
LH:14
BRDA:27,0,0,5
BRDA:27,0,1,1
BRF:2
BRH:2
end_of_record
TN:
SF:src/api.js
FN:12,(anonymous_0)
FN:13,(anonymous_1)
FN:23,(anonymous_2)
FNF:3
FNH:3
FNDA:9,(anonymous_0)
FNDA:297,(anonymous_1)
FNDA:17,(anonymous_2)
DA:12,4
DA:13,297
DA:14,9
DA:15,9
DA:23,4
DA:24,17
LF:6
LH:6
BRF:0
BRH:0
end_of_record
TN:
SF:src/mock-data.js
FNF:0
FNH:0
DA:1,4
LF:1
LH:1
BRF:0
BRH:0
end_of_record
TN:
SF:src/components/CitySearch.jsx
FN:4,(anonymous_0)
FN:9,(anonymous_1)
FN:11,(anonymous_2)
FN:18,(anonymous_3)
FN:25,(anonymous_4)
FN:36,(anonymous_5)
FN:41,(anonymous_6)
FNF:7
FNH:7
FNDA:56,(anonymous_0)
FNDA:18,(anonymous_1)
FNDA:36,(anonymous_2)
FNDA:2,(anonymous_3)
FNDA:15,(anonymous_4)
FNDA:5,(anonymous_5)
FNDA:26,(anonymous_6)
DA:4,3
DA:5,56
DA:6,56
DA:7,56
DA:9,56
DA:10,18
DA:11,18
DA:12,36
DA:14,18
DA:15,18
DA:18,56
DA:19,2
DA:20,2
DA:21,2
DA:22,2
DA:25,56
DA:26,15
DA:29,56
DA:36,5
DA:42,26
LF:20
LH:20
BRDA:11,0,0,18
BRDA:11,0,1,0
BRDA:39,1,0,24
BRDA:39,1,1,32
BRF:4
BRH:3
end_of_record
TN:
SF:src/components/Event.jsx
FN:5,(anonymous_0)
FN:16,(anonymous_1)
FNF:2
FNH:2
FNDA:186,(anonymous_0)
FNDA:3,(anonymous_1)
DA:5,4
DA:6,186
DA:7,186
DA:17,3
LF:4
LH:4
BRDA:9,0,0,186
BRDA:9,0,1,186
BRDA:10,1,0,186
BRDA:10,1,1,186
BRDA:11,2,0,186
BRDA:11,2,1,186
BRDA:12,3,0,2
BRDA:12,3,1,184
BRDA:13,4,0,2
BRDA:13,4,1,2
BRDA:17,5,0,1
BRDA:17,5,1,2
BRDA:18,6,0,2
BRDA:18,6,1,184
BRF:14
BRH:14
end_of_record
TN:
SF:src/components/EventList.jsx
FN:7,(anonymous_0)
FN:10,(anonymous_1)
FNF:2
FNH:2
FNDA:13,(anonymous_0)
FNDA:177,(anonymous_1)
DA:7,3
DA:8,13
DA:10,177
LF:3
LH:3
BRDA:10,0,0,11
BRDA:10,0,1,2
BRF:2
BRH:2
end_of_record
TN:
SF:src/components/NumberOfEvents.jsx
FN:3,(anonymous_0)
FN:7,(anonymous_1)
FNF:2
FNH:2
FNDA:16,(anonymous_0)
FNDA:3,(anonymous_1)
DA:3,4
DA:5,16
DA:7,16
DA:8,3
DA:9,3
DA:12,16
LF:6
LH:6
BRF:0
BRH:0
end_of_record
